<?xml version="1.0" encoding="UTF-8"?>
<!-- Generated by org.testng.reporters.JUnitReportReporter -->
<testsuite skipped="0" hostname="LAPTOP-44N2K4DS" name="TestSuite" tests="1" failures="0" timestamp="02 Aug 2018 03:14:20 GMT" time="0.012" errors="0">
  <testcase name="TestAdd" time="0.012" classname="TestSuite"/>
</testsuite> <!-- TestSuite -->
